<?xml version="1.0" encoding="UTF-8"?>
<!-- Generated by org.testng.reporters.JUnitXMLReporter -->
<testsuite ignored="0" hostname="RIPL-DST-031" failures="0" tests="4" name="Default test" time="3.028" errors="0" timestamp="2024-05-27T19:06:04 IST">
  <testcase classname="day_1.HTTPRequest" name="CreateUser" time="2.074"/>
  <testcase classname="day_1.HTTPRequest" name="getUser" time="0.184"/>
  <testcase classname="day_1.HTTPRequest" name="updateUser" time="0.374"/>
  <testcase classname="day_1.HTTPRequest" name="DeleteUser" time="0.362"/>
</testsuite> <!-- Default test -->
