<?xml version="1.0" encoding="UTF-8"?>
<testng-results ignored="0" total="4" passed="4" failed="0" skipped="0">
  <reporter-output>
  </reporter-output>
  <suite started-at="2024-05-27T19:06:01 IST" name="Default suite" finished-at="2024-05-27T19:06:04 IST" duration-ms="3028">
    <groups>
    </groups>
    <test started-at="2024-05-27T19:06:01 IST" name="Default test" finished-at="2024-05-27T19:06:04 IST" duration-ms="3028">
      <class name="day_1.HTTPRequest">
        <test-method signature="CreateUser()[pri:1, instance:day_1.HTTPRequest@1eb5174b]" started-at="2024-05-27T19:06:01 IST" name="CreateUser" finished-at="2024-05-27T19:06:03 IST" duration-ms="2074" status="PASS">
          <reporter-output>
          </reporter-output>
        </test-method> <!-- CreateUser -->
        <test-method signature="getUser()[pri:1, instance:day_1.HTTPRequest@1eb5174b]" started-at="2024-05-27T19:06:03 IST" name="getUser" finished-at="2024-05-27T19:06:03 IST" duration-ms="184" status="PASS">
          <reporter-output>
          </reporter-output>
        </test-method> <!-- getUser -->
        <test-method signature="updateUser()[pri:3, instance:day_1.HTTPRequest@1eb5174b]" started-at="2024-05-27T19:06:03 IST" name="updateUser" finished-at="2024-05-27T19:06:04 IST" depends-on-methods="day_1.HTTPRequest.CreateUser" duration-ms="374" status="PASS">
          <reporter-output>
          </reporter-output>
        </test-method> <!-- updateUser -->
        <test-method signature="DeleteUser()[pri:4, instance:day_1.HTTPRequest@1eb5174b]" started-at="2024-05-27T19:06:04 IST" name="DeleteUser" finished-at="2024-05-27T19:06:04 IST" depends-on-methods="day_1.HTTPRequest.updateUser" duration-ms="362" status="PASS">
          <reporter-output>
          </reporter-output>
        </test-method> <!-- DeleteUser -->
      </class> <!-- day_1.HTTPRequest -->
    </test> <!-- Default test -->
  </suite> <!-- Default suite -->
</testng-results>
